# JRE version: Java(TM) SE Runtime Environment (8.0_231-b11) (build 1.8.0_231-b11)
# Java VM: Java HotSpot(TM) 64-Bit Server VM (25.231-b11 mixed mode windows-amd64 compressed oops)
Heap:
 PSYoungGen      total 40448K, used 9226K [0x00000000d6600000, 0x00000000da780000, 0x0000000100000000)
  eden space 32256K, 8% used [0x00000000d6600000,0x00000000d68993c0,0x00000000d8580000)
  from space 8192K, 80% used [0x00000000d8580000,0x00000000d8be9458,0x00000000d8d80000)
  to   space 8704K, 0% used [0x00000000d9f00000,0x00000000d9f00000,0x00000000da780000)
 ParOldGen       total 56320K, used 6713K [0x0000000083200000, 0x0000000086900000, 0x00000000d6600000)
  object space 56320K, 11% used [0x0000000083200000,0x000000008388e7c8,0x0000000086900000)
 Metaspace       used 27552K, capacity 28672K, committed 28800K, reserved 1075200K
  class space    used 3397K, capacity 3632K, committed 3712K, reserved 1048576K
GC Heap History (10 events):
Event: 5.074 GC heap before
{Heap before GC invocations=4 (full 0):
 PSYoungGen      total 37888K, used 37883K [0x00000000d6600000, 0x00000000d9000000, 0x0000000100000000)
  eden space 32768K, 100% used [0x00000000d6600000,0x00000000d8600000,0x00000000d8600000)
  from space 5120K, 99% used [0x00000000d8600000,0x00000000d8afedc0,0x00000000d8b00000)
  to   space 5120K, 0% used [0x00000000d8b00000,0x00000000d8b00000,0x00000000d9000000)
 ParOldGen       total 86016K, used 1014K [0x0000000083200000, 0x0000000088600000, 0x00000000d6600000)
  object space 86016K, 1% used [0x0000000083200000,0x00000000832fda60,0x0000000088600000)
 Metaspace       used 18360K, capacity 19270K, committed 19456K, reserved 1067008K
  class space    used 2321K, capacity 2495K, committed 2560K, reserved 1048576K
Event: 5.082 GC heap after
Heap after GC invocations=4 (full 0):
 PSYoungGen      total 37888K, used 5120K [0x00000000d6600000, 0x00000000d9000000, 0x0000000100000000)
  eden space 32768K, 0% used [0x00000000d6600000,0x00000000d6600000,0x00000000d8600000)
  from space 5120K, 100% used [0x00000000d8b00000,0x00000000d9000000,0x00000000d9000000)
  to   space 5120K, 0% used [0x00000000d8600000,0x00000000d8600000,0x00000000d8b00000)
 ParOldGen       total 86016K, used 2955K [0x0000000083200000, 0x0000000088600000, 0x00000000d6600000)
  object space 86016K, 3% used [0x0000000083200000,0x00000000834e2e60,0x0000000088600000)
 Metaspace       used 18360K, capacity 19270K, committed 19456K, reserved 1067008K
  class space    used 2321K, capacity 2495K, committed 2560K, reserved 1048576K
}
Event: 5.433 GC heap before
{Heap before GC invocations=5 (full 0):
 PSYoungGen      total 37888K, used 23355K [0x00000000d6600000, 0x00000000d9000000, 0x0000000100000000)
  eden space 32768K, 55% used [0x00000000d6600000,0x00000000d77cecd8,0x00000000d8600000)
  from space 5120K, 100% used [0x00000000d8b00000,0x00000000d9000000,0x00000000d9000000)
  to   space 5120K, 0% used [0x00000000d8600000,0x00000000d8600000,0x00000000d8b00000)
 ParOldGen       total 86016K, used 2955K [0x0000000083200000, 0x0000000088600000, 0x00000000d6600000)
  object space 86016K, 3% used [0x0000000083200000,0x00000000834e2e60,0x0000000088600000)
 Metaspace       used 20231K, capacity 21118K, committed 21248K, reserved 1067008K
  class space    used 2555K, capacity 2737K, committed 2816K, reserved 1048576K
Event: 5.439 GC heap after
Heap after GC invocations=5 (full 0):
 PSYoungGen      total 37376K, used 5104K [0x00000000d6600000, 0x00000000d9580000, 0x0000000100000000)
  eden space 32256K, 0% used [0x00000000d6600000,0x00000000d6600000,0x00000000d8580000)
  from space 5120K, 99% used [0x00000000d8600000,0x00000000d8afc010,0x00000000d8b00000)
  to   space 8192K, 0% used [0x00000000d8d80000,0x00000000d8d80000,0x00000000d9580000)
 ParOldGen       total 86016K, used 4628K [0x0000000083200000, 0x0000000088600000, 0x00000000d6600000)
  object space 86016K, 5% used [0x0000000083200000,0x00000000836850e0,0x0000000088600000)
 Metaspace       used 20231K, capacity 21118K, committed 21248K, reserved 1067008K
  class space    used 2555K, capacity 2737K, committed 2816K, reserved 1048576K
}
Event: 5.439 GC heap before
{Heap before GC invocations=6 (full 1):
 PSYoungGen      total 37376K, used 5104K [0x00000000d6600000, 0x00000000d9580000, 0x0000000100000000)
  eden space 32256K, 0% used [0x00000000d6600000,0x00000000d6600000,0x00000000d8580000)
  from space 5120K, 99% used [0x00000000d8600000,0x00000000d8afc010,0x00000000d8b00000)
  to   space 8192K, 0% used [0x00000000d8d80000,0x00000000d8d80000,0x00000000d9580000)
 ParOldGen       total 86016K, used 4628K [0x0000000083200000, 0x0000000088600000, 0x00000000d6600000)
  object space 86016K, 5% used [0x0000000083200000,0x00000000836850e0,0x0000000088600000)
 Metaspace       used 20231K, capacity 21118K, committed 21248K, reserved 1067008K
  class space    used 2555K, capacity 2737K, committed 2816K, reserved 1048576K
Event: 5.479 GC heap after
Heap after GC invocations=6 (full 1):
 PSYoungGen      total 37376K, used 0K [0x00000000d6600000, 0x00000000d9580000, 0x0000000100000000)
  eden space 32256K, 0% used [0x00000000d6600000,0x00000000d6600000,0x00000000d8580000)
  from space 5120K, 0% used [0x00000000d8600000,0x00000000d8600000,0x00000000d8b00000)
  to   space 8192K, 0% used [0x00000000d8d80000,0x00000000d8d80000,0x00000000d9580000)
 ParOldGen       total 56320K, used 6697K [0x0000000083200000, 0x0000000086900000, 0x00000000d6600000)
  object space 56320K, 11% used [0x0000000083200000,0x000000008388a7c8,0x0000000086900000)
 Metaspace       used 20228K, capacity 21110K, committed 21248K, reserved 1067008K
  class space    used 2554K, capacity 2735K, committed 2816K, reserved 1048576K
}
Event: 7.304 GC heap before
{Heap before GC invocations=7 (full 1):
 PSYoungGen      total 37376K, used 32256K [0x00000000d6600000, 0x00000000d9580000, 0x0000000100000000)
  eden space 32256K, 100% used [0x00000000d6600000,0x00000000d8580000,0x00000000d8580000)
  from space 5120K, 0% used [0x00000000d8600000,0x00000000d8600000,0x00000000d8b00000)
  to   space 8192K, 0% used [0x00000000d8d80000,0x00000000d8d80000,0x00000000d9580000)
 ParOldGen       total 56320K, used 6697K [0x0000000083200000, 0x0000000086900000, 0x00000000d6600000)
  object space 56320K, 11% used [0x0000000083200000,0x000000008388a7c8,0x0000000086900000)
 Metaspace       used 24094K, capacity 25200K, committed 25344K, reserved 1071104K
  class space    used 2987K, capacity 3222K, committed 3328K, reserved 1048576K
Event: 7.309 GC heap after
Heap after GC invocations=7 (full 1):
 PSYoungGen      total 40448K, used 4464K [0x00000000d6600000, 0x00000000da600000, 0x0000000100000000)
  eden space 32256K, 0% used [0x00000000d6600000,0x00000000d6600000,0x00000000d8580000)
  from space 8192K, 54% used [0x00000000d8d80000,0x00000000d91dc3a0,0x00000000d9580000)
  to   space 8192K, 0% used [0x00000000d8580000,0x00000000d8580000,0x00000000d8d80000)
 ParOldGen       total 56320K, used 6705K [0x0000000083200000, 0x0000000086900000, 0x00000000d6600000)
  object space 56320K, 11% used [0x0000000083200000,0x000000008388c7c8,0x0000000086900000)
 Metaspace       used 24094K, capacity 25200K, committed 25344K, reserved 1071104K
  class space    used 2987K, capacity 3222K, committed 3328K, reserved 1048576K
}
Event: 7.780 GC heap before
{Heap before GC invocations=8 (full 1):
 PSYoungGen      total 40448K, used 36720K [0x00000000d6600000, 0x00000000da600000, 0x0000000100000000)
  eden space 32256K, 100% used [0x00000000d6600000,0x00000000d8580000,0x00000000d8580000)
  from space 8192K, 54% used [0x00000000d8d80000,0x00000000d91dc3a0,0x00000000d9580000)
  to   space 8192K, 0% used [0x00000000d8580000,0x00000000d8580000,0x00000000d8d80000)
 ParOldGen       total 56320K, used 6705K [0x0000000083200000, 0x0000000086900000, 0x00000000d6600000)
  object space 56320K, 11% used [0x0000000083200000,0x000000008388c7c8,0x0000000086900000)
 Metaspace       used 27334K, capacity 28442K, committed 28800K, reserved 1075200K
  class space    used 3367K, capacity 3599K, committed 3712K, reserved 1048576K
Event: 7.785 GC heap after
Heap after GC invocations=8 (full 1):
 PSYoungGen      total 40448K, used 6565K [0x00000000d6600000, 0x00000000da780000, 0x0000000100000000)
  eden space 32256K, 0% used [0x00000000d6600000,0x00000000d6600000,0x00000000d8580000)
  from space 8192K, 80% used [0x00000000d8580000,0x00000000d8be9458,0x00000000d8d80000)
  to   space 8704K, 0% used [0x00000000d9f00000,0x00000000d9f00000,0x00000000da780000)
 ParOldGen       total 56320K, used 6713K [0x0000000083200000, 0x0000000086900000, 0x00000000d6600000)
  object space 56320K, 11% used [0x0000000083200000,0x000000008388e7c8,0x0000000086900000)
 Metaspace       used 27334K, capacity 28442K, committed 28800K, reserved 1075200K
  class space    used 3367K, capacity 3599K, committed 3712K, reserved 1048576K
}

