# JRE version: Java(TM) SE Runtime Environment (8.0_231-b11) (build 1.8.0_231-b11)
# Java VM: Java HotSpot(TM) 64-Bit Server VM (25.231-b11 mixed mode windows-amd64 compressed oops)
Heap:
 PSYoungGen      total 51712K, used 47987K [0x00000000d6600000, 0x00000000db300000, 0x0000000100000000)
  eden space 46592K, 93% used [0x00000000d6600000,0x00000000d9055638,0x00000000d9380000)
  from space 5120K, 90% used [0x00000000dae00000,0x00000000db287630,0x00000000db300000)
  to   space 8192K, 0% used [0x00000000da300000,0x00000000da300000,0x00000000dab00000)
 ParOldGen       total 59904K, used 6729K [0x0000000083200000, 0x0000000086c80000, 0x00000000d6600000)
  object space 59904K, 11% used [0x0000000083200000,0x0000000083892768,0x0000000086c80000)
 Metaspace       used 28563K, capacity 29784K, committed 29952K, reserved 1075200K
  class space    used 3530K, capacity 3780K, committed 3840K, reserved 1048576K
GC Heap History (10 events):
Event: 1.631 GC heap before
{Heap before GC invocations=3 (full 0):
 PSYoungGen      total 37888K, used 37864K [0x00000000d6600000, 0x00000000d9000000, 0x0000000100000000)
  eden space 32768K, 100% used [0x00000000d6600000,0x00000000d8600000,0x00000000d8600000)
  from space 5120K, 99% used [0x00000000d8b00000,0x00000000d8ffa130,0x00000000d9000000)
  to   space 5120K, 0% used [0x00000000d8600000,0x00000000d8600000,0x00000000d8b00000)
 ParOldGen       total 86016K, used 314K [0x0000000083200000, 0x0000000088600000, 0x00000000d6600000)
  object space 86016K, 0% used [0x0000000083200000,0x000000008324eb18,0x0000000088600000)
 Metaspace       used 15268K, capacity 15948K, committed 16128K, reserved 1062912K
  class space    used 1894K, capacity 2048K, committed 2048K, reserved 1048576K
Event: 1.636 GC heap after
Heap after GC invocations=3 (full 0):
 PSYoungGen      total 37888K, used 5108K [0x00000000d6600000, 0x00000000d9000000, 0x0000000100000000)
  eden space 32768K, 0% used [0x00000000d6600000,0x00000000d6600000,0x00000000d8600000)
  from space 5120K, 99% used [0x00000000d8600000,0x00000000d8afd3e0,0x00000000d8b00000)
  to   space 5120K, 0% used [0x00000000d8b00000,0x00000000d8b00000,0x00000000d9000000)
 ParOldGen       total 86016K, used 1019K [0x0000000083200000, 0x0000000088600000, 0x00000000d6600000)
  object space 86016K, 1% used [0x0000000083200000,0x00000000832fefc0,0x0000000088600000)
 Metaspace       used 15268K, capacity 15948K, committed 16128K, reserved 1062912K
  class space    used 1894K, capacity 2048K, committed 2048K, reserved 1048576K
}
Event: 2.129 GC heap before
{Heap before GC invocations=4 (full 0):
 PSYoungGen      total 37888K, used 37876K [0x00000000d6600000, 0x00000000d9000000, 0x0000000100000000)
  eden space 32768K, 100% used [0x00000000d6600000,0x00000000d8600000,0x00000000d8600000)
  from space 5120K, 99% used [0x00000000d8600000,0x00000000d8afd3e0,0x00000000d8b00000)
  to   space 5120K, 0% used [0x00000000d8b00000,0x00000000d8b00000,0x00000000d9000000)
 ParOldGen       total 86016K, used 1019K [0x0000000083200000, 0x0000000088600000, 0x00000000d6600000)
  object space 86016K, 1% used [0x0000000083200000,0x00000000832fefc0,0x0000000088600000)
 Metaspace       used 18291K, capacity 19186K, committed 19456K, reserved 1067008K
  class space    used 2310K, capacity 2491K, committed 2560K, reserved 1048576K
Event: 2.135 GC heap after
Heap after GC invocations=4 (full 0):
 PSYoungGen      total 37888K, used 5088K [0x00000000d6600000, 0x00000000d9000000, 0x0000000100000000)
  eden space 32768K, 0% used [0x00000000d6600000,0x00000000d6600000,0x00000000d8600000)
  from space 5120K, 99% used [0x00000000d8b00000,0x00000000d8ff8020,0x00000000d9000000)
  to   space 5120K, 0% used [0x00000000d8600000,0x00000000d8600000,0x00000000d8b00000)
 ParOldGen       total 86016K, used 2963K [0x0000000083200000, 0x0000000088600000, 0x00000000d6600000)
  object space 86016K, 3% used [0x0000000083200000,0x00000000834e4d10,0x0000000088600000)
 Metaspace       used 18291K, capacity 19186K, committed 19456K, reserved 1067008K
  class space    used 2310K, capacity 2491K, committed 2560K, reserved 1048576K
}
Event: 2.459 GC heap before
{Heap before GC invocations=5 (full 0):
 PSYoungGen      total 37888K, used 23979K [0x00000000d6600000, 0x00000000d9000000, 0x0000000100000000)
  eden space 32768K, 57% used [0x00000000d6600000,0x00000000d7872f70,0x00000000d8600000)
  from space 5120K, 99% used [0x00000000d8b00000,0x00000000d8ff8020,0x00000000d9000000)
  to   space 5120K, 0% used [0x00000000d8600000,0x00000000d8600000,0x00000000d8b00000)
 ParOldGen       total 86016K, used 2963K [0x0000000083200000, 0x0000000088600000, 0x00000000d6600000)
  object space 86016K, 3% used [0x0000000083200000,0x00000000834e4d10,0x0000000088600000)
 Metaspace       used 20225K, capacity 21114K, committed 21248K, reserved 1067008K
  class space    used 2552K, capacity 2737K, committed 2816K, reserved 1048576K
Event: 2.467 GC heap after
Heap after GC invocations=5 (full 0):
 PSYoungGen      total 37888K, used 5120K [0x00000000d6600000, 0x00000000db600000, 0x0000000100000000)
  eden space 32768K, 0% used [0x00000000d6600000,0x00000000d6600000,0x00000000d8600000)
  from space 5120K, 100% used [0x00000000d8600000,0x00000000d8b00000,0x00000000d8b00000)
  to   space 8192K, 0% used [0x00000000dae00000,0x00000000dae00000,0x00000000db600000)
 ParOldGen       total 86016K, used 4612K [0x0000000083200000, 0x0000000088600000, 0x00000000d6600000)
  object space 86016K, 5% used [0x0000000083200000,0x0000000083681288,0x0000000088600000)
 Metaspace       used 20225K, capacity 21114K, committed 21248K, reserved 1067008K
  class space    used 2552K, capacity 2737K, committed 2816K, reserved 1048576K
}
Event: 2.467 GC heap before
{Heap before GC invocations=6 (full 1):
 PSYoungGen      total 37888K, used 5120K [0x00000000d6600000, 0x00000000db600000, 0x0000000100000000)
  eden space 32768K, 0% used [0x00000000d6600000,0x00000000d6600000,0x00000000d8600000)
  from space 5120K, 100% used [0x00000000d8600000,0x00000000d8b00000,0x00000000d8b00000)
  to   space 8192K, 0% used [0x00000000dae00000,0x00000000dae00000,0x00000000db600000)
 ParOldGen       total 86016K, used 4612K [0x0000000083200000, 0x0000000088600000, 0x00000000d6600000)
  object space 86016K, 5% used [0x0000000083200000,0x0000000083681288,0x0000000088600000)
 Metaspace       used 20225K, capacity 21114K, committed 21248K, reserved 1067008K
  class space    used 2552K, capacity 2737K, committed 2816K, reserved 1048576K
Event: 2.501 GC heap after
Heap after GC invocations=6 (full 1):
 PSYoungGen      total 37888K, used 0K [0x00000000d6600000, 0x00000000db600000, 0x0000000100000000)
  eden space 32768K, 0% used [0x00000000d6600000,0x00000000d6600000,0x00000000d8600000)
  from space 5120K, 0% used [0x00000000d8600000,0x00000000d8600000,0x00000000d8b00000)
  to   space 8192K, 0% used [0x00000000dae00000,0x00000000dae00000,0x00000000db600000)
 ParOldGen       total 59904K, used 6721K [0x0000000083200000, 0x0000000086c80000, 0x00000000d6600000)
  object space 59904K, 11% used [0x0000000083200000,0x0000000083890768,0x0000000086c80000)
 Metaspace       used 20222K, capacity 21106K, committed 21248K, reserved 1067008K
  class space    used 2550K, capacity 2735K, committed 2816K, reserved 1048576K
}
Event: 3.951 GC heap before
{Heap before GC invocations=7 (full 1):
 PSYoungGen      total 37888K, used 32768K [0x00000000d6600000, 0x00000000db600000, 0x0000000100000000)
  eden space 32768K, 100% used [0x00000000d6600000,0x00000000d8600000,0x00000000d8600000)
  from space 5120K, 0% used [0x00000000d8600000,0x00000000d8600000,0x00000000d8b00000)
  to   space 8192K, 0% used [0x00000000dae00000,0x00000000dae00000,0x00000000db600000)
 ParOldGen       total 59904K, used 6721K [0x0000000083200000, 0x0000000086c80000, 0x00000000d6600000)
  object space 59904K, 11% used [0x0000000083200000,0x0000000083890768,0x0000000086c80000)
 Metaspace       used 24255K, capacity 25332K, committed 25600K, reserved 1071104K
  class space    used 3002K, capacity 3222K, committed 3328K, reserved 1048576K
Event: 3.955 GC heap after
Heap after GC invocations=7 (full 1):
 PSYoungGen      total 51712K, used 4637K [0x00000000d6600000, 0x00000000db300000, 0x0000000100000000)
  eden space 46592K, 0% used [0x00000000d6600000,0x00000000d6600000,0x00000000d9380000)
  from space 5120K, 90% used [0x00000000dae00000,0x00000000db287630,0x00000000db300000)
  to   space 8192K, 0% used [0x00000000da300000,0x00000000da300000,0x00000000dab00000)
 ParOldGen       total 59904K, used 6729K [0x0000000083200000, 0x0000000086c80000, 0x00000000d6600000)
  object space 59904K, 11% used [0x0000000083200000,0x0000000083892768,0x0000000086c80000)
 Metaspace       used 24255K, capacity 25332K, committed 25600K, reserved 1071104K
  class space    used 3002K, capacity 3222K, committed 3328K, reserved 1048576K
}

