# JRE version: OpenJDK Runtime Environment Microsoft-11369940 (21.0.7+6) (build 21.0.7+6-LTS)
# Java VM: OpenJDK 64-Bit Server VM Microsoft-11369940 (21.0.7+6-LTS, mixed mode, sharing, tiered, compressed oops, compressed class ptrs, g1 gc, windows-amd64)
GC Precious Log:
 CardTable entry size: 512
 Card Set container configuration: InlinePtr #cards 5 size 8 Array Of Cards #cards 12 size 40 Howl #buckets 4 coarsen threshold 1843 Howl Bitmap #cards 512 size 80 coarsen threshold 460 Card regions per heap region 1 cards per card region 2048
 CPUs: 8 total, 8 available
 Memory: 7991M
 Large Page Support: Disabled
 NUMA Support: Disabled
 Compressed Oops: Enabled (32-bit)
 Heap Region Size: 1M
 Heap Min Capacity: 8M
 Heap Initial Capacity: 126M
 Heap Max Capacity: 1998M
 Pre-touch: Disabled
 Parallel Workers: 8
 Concurrent Workers: 2
 Concurrent Refinement Workers: 8
 Periodic GC: Disabled
Heap:
 garbage-first heap   total 122880K, used 93687K [0x0000000083200000, 0x0000000100000000)
  region size 1024K, 39 young (39936K), 8 survivors (8192K)
 Metaspace       used 39748K, committed 40256K, reserved 1114112K
  class space    used 4439K, committed 4672K, reserved 1048576K
GC Heap History (20 events):
Event: 1.443 GC heap before
{Heap before GC invocations=0 (full 0):
 garbage-first heap   total 129024K, used 23552K [0x0000000083200000, 0x0000000100000000)
  region size 1024K, 23 young (23552K), 0 survivors (0K)
 Metaspace       used 5850K, committed 6080K, reserved 1114112K
  class space    used 652K, committed 768K, reserved 1048576K
}
Event: 1.449 GC heap after
{Heap after GC invocations=1 (full 0):
 garbage-first heap   total 129024K, used 5375K [0x0000000083200000, 0x0000000100000000)
  region size 1024K, 3 young (3072K), 3 survivors (3072K)
 Metaspace       used 5850K, committed 6080K, reserved 1114112K
  class space    used 652K, committed 768K, reserved 1048576K
}
Event: 1.921 GC heap before
{Heap before GC invocations=1 (full 0):
 garbage-first heap   total 129024K, used 33023K [0x0000000083200000, 0x0000000100000000)
  region size 1024K, 30 young (30720K), 3 survivors (3072K)
 Metaspace       used 8702K, committed 8896K, reserved 1114112K
  class space    used 990K, committed 1088K, reserved 1048576K
}
Event: 1.926 GC heap after
{Heap after GC invocations=2 (full 0):
 garbage-first heap   total 129024K, used 6906K [0x0000000083200000, 0x0000000100000000)
  region size 1024K, 2 young (2048K), 2 survivors (2048K)
 Metaspace       used 8702K, committed 8896K, reserved 1114112K
  class space    used 990K, committed 1088K, reserved 1048576K
}
Event: 3.337 GC heap before
{Heap before GC invocations=2 (full 0):
 garbage-first heap   total 129024K, used 81658K [0x0000000083200000, 0x0000000100000000)
  region size 1024K, 75 young (76800K), 2 survivors (2048K)
 Metaspace       used 16521K, committed 16832K, reserved 1114112K
  class space    used 1867K, committed 1984K, reserved 1048576K
}
Event: 3.350 GC heap after
{Heap after GC invocations=3 (full 0):
 garbage-first heap   total 129024K, used 15153K [0x0000000083200000, 0x0000000100000000)
  region size 1024K, 10 young (10240K), 10 survivors (10240K)
 Metaspace       used 16521K, committed 16832K, reserved 1114112K
  class space    used 1867K, committed 1984K, reserved 1048576K
}
Event: 4.568 GC heap before
{Heap before GC invocations=3 (full 0):
 garbage-first heap   total 129024K, used 114481K [0x0000000083200000, 0x0000000100000000)
  region size 1024K, 75 young (76800K), 10 survivors (10240K)
 Metaspace       used 18197K, committed 18496K, reserved 1114112K
  class space    used 1985K, committed 2112K, reserved 1048576K
}
Event: 4.577 GC heap after
{Heap after GC invocations=4 (full 0):
 garbage-first heap   total 129024K, used 19057K [0x0000000083200000, 0x0000000100000000)
  region size 1024K, 4 young (4096K), 4 survivors (4096K)
 Metaspace       used 18197K, committed 18496K, reserved 1114112K
  class space    used 1985K, committed 2112K, reserved 1048576K
}
Event: 12.978 GC heap before
{Heap before GC invocations=4 (full 0):
 garbage-first heap   total 129024K, used 74353K [0x0000000083200000, 0x0000000100000000)
  region size 1024K, 54 young (55296K), 4 survivors (4096K)
 Metaspace       used 21297K, committed 21504K, reserved 1114112K
  class space    used 2316K, committed 2432K, reserved 1048576K
}
Event: 12.988 GC heap after
{Heap after GC invocations=5 (full 0):
 garbage-first heap   total 129024K, used 29324K [0x0000000083200000, 0x0000000100000000)
  region size 1024K, 10 young (10240K), 10 survivors (10240K)
 Metaspace       used 21297K, committed 21504K, reserved 1114112K
  class space    used 2316K, committed 2432K, reserved 1048576K
}
Event: 17.171 GC heap before
{Heap before GC invocations=6 (full 0):
 garbage-first heap   total 99328K, used 97932K [0x0000000083200000, 0x0000000100000000)
  region size 1024K, 75 young (76800K), 10 survivors (10240K)
 Metaspace       used 27669K, committed 28032K, reserved 1114112K
  class space    used 3025K, committed 3200K, reserved 1048576K
}
Event: 17.201 GC heap after
{Heap after GC invocations=7 (full 0):
 garbage-first heap   total 122880K, used 43660K [0x0000000083200000, 0x0000000100000000)
  region size 1024K, 10 young (10240K), 10 survivors (10240K)
 Metaspace       used 27669K, committed 28032K, reserved 1114112K
  class space    used 3025K, committed 3200K, reserved 1048576K
}
Event: 18.470 GC heap before
{Heap before GC invocations=7 (full 0):
 garbage-first heap   total 122880K, used 96908K [0x0000000083200000, 0x0000000100000000)
  region size 1024K, 63 young (64512K), 10 survivors (10240K)
 Metaspace       used 30657K, committed 31104K, reserved 1114112K
  class space    used 3367K, committed 3584K, reserved 1048576K
}
Event: 18.484 GC heap after
{Heap after GC invocations=8 (full 0):
 garbage-first heap   total 122880K, used 46220K [0x0000000083200000, 0x0000000100000000)
  region size 1024K, 3 young (3072K), 3 survivors (3072K)
 Metaspace       used 30657K, committed 31104K, reserved 1114112K
  class space    used 3367K, committed 3584K, reserved 1048576K
}
Event: 19.879 GC heap before
{Heap before GC invocations=8 (full 0):
 garbage-first heap   total 122880K, used 94348K [0x0000000083200000, 0x0000000100000000)
  region size 1024K, 49 young (50176K), 3 survivors (3072K)
 Metaspace       used 35709K, committed 36160K, reserved 1114112K
  class space    used 4029K, committed 4288K, reserved 1048576K
}
Event: 19.899 GC heap after
{Heap after GC invocations=9 (full 0):
 garbage-first heap   total 122880K, used 50828K [0x0000000083200000, 0x0000000100000000)
  region size 1024K, 7 young (7168K), 7 survivors (7168K)
 Metaspace       used 35709K, committed 36160K, reserved 1114112K
  class space    used 4029K, committed 4288K, reserved 1048576K
}
Event: 22.884 GC heap before
{Heap before GC invocations=10 (full 0):
 garbage-first heap   total 122880K, used 103052K [0x0000000083200000, 0x0000000100000000)
  region size 1024K, 58 young (59392K), 7 survivors (7168K)
 Metaspace       used 37539K, committed 38080K, reserved 1114112K
  class space    used 4179K, committed 4480K, reserved 1048576K
}
Event: 22.896 GC heap after
{Heap after GC invocations=11 (full 0):
 garbage-first heap   total 122880K, used 53124K [0x0000000083200000, 0x0000000100000000)
  region size 1024K, 6 young (6144K), 6 survivors (6144K)
 Metaspace       used 37539K, committed 38080K, reserved 1114112K
  class space    used 4179K, committed 4480K, reserved 1048576K
}
Event: 33.912 GC heap before
{Heap before GC invocations=11 (full 0):
 garbage-first heap   total 122880K, used 108420K [0x0000000083200000, 0x0000000100000000)
  region size 1024K, 57 young (58368K), 6 survivors (6144K)
 Metaspace       used 39734K, committed 40256K, reserved 1114112K
  class space    used 4439K, committed 4672K, reserved 1048576K
}
Event: 33.948 GC heap after
{Heap after GC invocations=12 (full 0):
 garbage-first heap   total 122880K, used 61943K [0x0000000083200000, 0x0000000100000000)
  region size 1024K, 8 young (8192K), 8 survivors (8192K)
 Metaspace       used 39734K, committed 40256K, reserved 1114112K
  class space    used 4439K, committed 4672K, reserved 1048576K
}

